<?xml version="1.0" encoding="UTF-8"?>
<testng-results skipped="0" failed="0" total="1" passed="1">
  <reporter-output>
  </reporter-output>
  <suite name="Default suite" duration-ms="19457" started-at="2021-01-12T04:51:48Z" finished-at="2021-01-12T04:52:08Z">
    <groups>
    </groups>
    <test name="Default test" duration-ms="19457" started-at="2021-01-12T04:51:48Z" finished-at="2021-01-12T04:52:08Z">
      <class name="TestcaseRepository.AmazonLoginTestCase">
        <test-method status="PASS" signature="method1()[pri:0, instance:TestcaseRepository.AmazonLoginTestCase@71e7a66b]" name="method1" duration-ms="19435" started-at="2021-01-12T10:21:48Z" finished-at="2021-01-12T10:22:08Z">
          <reporter-output>
          </reporter-output>
        </test-method> <!-- method1 -->
      </class> <!-- TestcaseRepository.AmazonLoginTestCase -->
    </test> <!-- Default test -->
  </suite> <!-- Default suite -->
</testng-results>
